[20/Feb/2021:21:05:30] (I): WordPress Instance Info:
[20/Feb/2021:21:05:30] (I): Home URL : http://sg-naps.plantnavigator.com
[20/Feb/2021:21:05:30] (I): Site URL : http://sg-naps.plantnavigator.com
[20/Feb/2021:21:05:30] (I): WordPress Version : 5.6.1
[20/Feb/2021:21:05:30] (I): Onboarding Version : 1.1.3
[20/Feb/2021:21:05:30] (I): Multisite : No
[20/Feb/2021:21:05:30] (I): Server Info : Apache
[20/Feb/2021:21:05:30] (I): PHP Version : 7.3.27
[20/Feb/2021:21:05:30] (I): HTTPS : No
[20/Feb/2021:21:05:30] (I): PHP Max Execution Time : 120
[20/Feb/2021:21:05:30] (I): PHP Max Input Vars : 3000
[20/Feb/2021:21:05:30] (I): Max Upload Size : 268435456
[20/Feb/2021:21:05:30] (I): Plugins:
[20/Feb/2021:21:05:30] (I): [PLUGIN] Envira Gallery Lite : v1.8.3.4 (Envira Gallery Team)
[20/Feb/2021:21:05:30] (I): [PLUGIN] Gutenberg Blocks and Template Library by Otter : v1.6.0 (ThemeIsle)
[20/Feb/2021:21:05:30] (I): [PLUGIN] SG Optimizer : v5.7.14 (SiteGround)
[20/Feb/2021:21:05:30] (I): [PLUGIN] Templates Patterns Collection : v1.1.3 (ThemeIsle)
[20/Feb/2021:21:05:30] (I): [PLUGIN] WooCommerce : v5.0.0 (Automattic)
[20/Feb/2021:21:05:30] (I): [PLUGIN] WordPress Importer : v0.7 (wordpressdotorg)
[20/Feb/2021:21:05:30] (I): [PLUGIN] Yoast SEO : v15.8 (Team Yoast)
[20/Feb/2021:21:05:30] (I): [PLUGIN] WordPress Starter : v1.1.3 (SiteGround)
[20/Feb/2021:21:05:30] (I): [PLUGIN] WPForms Lite : v1.6.5 (WPForms)
