********************************************************************************
DUPLICATOR-LITE PACKAGE-LOG: May 11, 2021 6:56 am
NOTICE: Do NOT post to public sites or forums 
********************************************************************************
VERSION:	1.4.0
WORDPRESS:	5.7.1
PHP INFO:	7.3.27 | SAPI: apache2handler
SERVER:		Apache/2.4.46 (Win64) OpenSSL/1.1.1j PHP/7.3.27 
PHP TIME LIMIT: (0) no time limit imposed 
PHP MAX MEMORY: 4294967296 (512M default) 
MEMORY STACK: 14MB

********************************************************************************
DATABASE:
********************************************************************************
BUILD MODE:   MYSQLDUMP
MYSQLTIMEOUT: 5000
MYSQLDUMP:    Is Supported
SQL CREATED: 20210511_sgnaps_5cb52c7a28d5b3497878_20210511065603_database.sql
SQL FILE SIZE: 4.4MB (4618687)
SQL FILE TIME: 2021-05-11 06:56:52
SQL RUNTIME: 8.22 sec.

********************************************************************************
ARCHIVE (ZIP):
********************************************************************************
ARCHIVE DIR:  C:/xampp/htdocs/igummi
ARCHIVE FILE: 20210511_sgnaps_5cb52c7a28d5b3497878_20210511065603_archive.zip
FILTERS: *OFF*
DIRS:
	not set
FILES:
	not set
EXTS:  not set
----------------------------------------
COMPRESSING
SIZE:	290.95MB
STATS:	Dirs 3,032 | Files 14,483
SQL ADDED: 20210511_sgnaps_5cb52c7a28d5b3497878_20210511065603_database.sql
ZipArchive Object
(
    [status] => 0
    [statusSys] => 0
    [numFiles] => 17515
    [filename] => C:\xampp\htdocs\igummi\wp-content\backups-dup-lite\tmp\20210511_sgnaps_5cb52c7a28d5b3497878_20210511065603_archive.zip
    [comment] => 
)

FILE ADDED TO ZIP: 17514
COMPRESSION RESULT: '1'
COMPRESSED SIZE: 151.07MB
ARCHIVE RUNTIME: 346.61 sec.
MEMORY STACK: 22MB
building installer
add_extra_files1
add_extra_files2
add_extra_files3
add_extra_files4
Doing archive file check
add_extra_files5
add_extra_files6
add_extra_files8
Successfully opened zip C:/xampp/htdocs/igummi/wp-content/backups-dup-lite/tmp/20210511_sgnaps_5cb52c7a28d5b3497878_20210511065603_archive.zip
Adding enhanced installer files to archive using ZipArchive
Installer files added to archive
Added to archive
After ziparchive close when adding installer

********************************************************************************
INTEGRITY CHECKS:
********************************************************************************
SQL FILE: 4.4MB
INSTALLER FILE: 63.95KB
ARCHIVE FILE: 152.67MB 
EXPECTED FILE/DIRECTORY COUNT: 17,515
ACTUAL FILE/DIRECTORY COUNT: 17,514
ARCHIVE CONSISTENCY TEST: Pass

********************************************************************************
RECORD ID:[1]
TOTAL PROCESS RUNTIME: 377.88 sec.
PEAK PHP MEMORY USED: 24MB
DONE PROCESSING => 20210511_sgnaps May 11, 2021 7:03 am

